<?xml version="1.0" encoding="UTF-8"?>
<testsuite xmlns:xsi="http://www.w3.org/2001/XMLSchema-instance" xsi:noNamespaceSchemaLocation="https://maven.apache.org/surefire/maven-surefire-plugin/xsd/surefire-test-report.xsd" name="com.example.Database.DataHelperTest" time="0.476" tests="6" errors="0" skipped="0" failures="0">
  <properties>
    <property name="java.specification.version" value="22"/>
    <property name="sun.jnu.encoding" value="UTF-8"/>
    <property name="java.class.path" value="/Users/longsei1208/Library/Mobile Documents/com~apple~CloudDocs/UET Journey/Lập trình hướng đối tượng /OOP-BIGPROJECT/my-app/target/test-classes:/Users/longsei1208/Library/Mobile Documents/com~apple~CloudDocs/UET Journey/Lập trình hướng đối tượng /OOP-BIGPROJECT/my-app/target/classes:/Users/longsei1208/.m2/repository/org/junit/jupiter/junit-jupiter-api/5.7.2/junit-jupiter-api-5.7.2.jar:/Users/longsei1208/.m2/repository/org/apiguardian/apiguardian-api/1.1.0/apiguardian-api-1.1.0.jar:/Users/longsei1208/.m2/repository/org/opentest4j/opentest4j/1.2.0/opentest4j-1.2.0.jar:/Users/longsei1208/.m2/repository/org/junit/platform/junit-platform-commons/1.7.2/junit-platform-commons-1.7.2.jar:/Users/longsei1208/.m2/repository/org/junit/jupiter/junit-jupiter-engine/5.7.2/junit-jupiter-engine-5.7.2.jar:/Users/longsei1208/.m2/repository/org/junit/platform/junit-platform-engine/1.7.2/junit-platform-engine-1.7.2.jar:/Users/longsei1208/.m2/repository/org/junit/vintage/junit-vintage-engine/5.7.2/junit-vintage-engine-5.7.2.jar:/Users/longsei1208/.m2/repository/junit/junit/4.13/junit-4.13.jar:/Users/longsei1208/.m2/repository/org/hamcrest/hamcrest-core/1.3/hamcrest-core-1.3.jar:/Users/longsei1208/.m2/repository/javazoom/jlayer/1.0.1/jlayer-1.0.1.jar:/Users/longsei1208/.m2/repository/mysql/mysql-connector-java/8.0.26/mysql-connector-java-8.0.26.jar:/Users/longsei1208/.m2/repository/com/google/protobuf/protobuf-java/3.11.4/protobuf-java-3.11.4.jar:/Users/longsei1208/.m2/repository/org/xerial/sqlite-jdbc/3.36.0.3/sqlite-jdbc-3.36.0.3.jar:"/>
    <property name="java.vm.vendor" value="Homebrew"/>
    <property name="sun.arch.data.model" value="64"/>
    <property name="java.vendor.url" value="https://github.com/Homebrew/homebrew-core/issues"/>
    <property name="os.name" value="Mac OS X"/>
    <property name="java.vm.specification.version" value="22"/>
    <property name="sun.java.launcher" value="SUN_STANDARD"/>
    <property name="user.country" value="VN"/>
    <property name="sun.boot.library.path" value="/opt/homebrew/Cellar/openjdk/22.0.1/libexec/openjdk.jdk/Contents/Home/lib"/>
    <property name="sun.java.command" value="/Users/longsei1208/Library/Mobile Documents/com~apple~CloudDocs/UET Journey/Lập trình hướng đối tượng /OOP-BIGPROJECT/my-app/target/surefire/surefirebooter9284325198977493974.jar /Users/longsei1208/Library/Mobile Documents/com~apple~CloudDocs/UET Journey/Lập trình hướng đối tượng /OOP-BIGPROJECT/my-app/target/surefire 2024-07-23T19-07-44_161-jvmRun1 surefire2053398022917928162tmp surefire_013798477924196425123tmp"/>
    <property name="http.nonProxyHosts" value="local|*.local|169.254/16|*.169.254/16"/>
    <property name="jdk.debug" value="release"/>
    <property name="surefire.test.class.path" value="/Users/longsei1208/Library/Mobile Documents/com~apple~CloudDocs/UET Journey/Lập trình hướng đối tượng /OOP-BIGPROJECT/my-app/target/test-classes:/Users/longsei1208/Library/Mobile Documents/com~apple~CloudDocs/UET Journey/Lập trình hướng đối tượng /OOP-BIGPROJECT/my-app/target/classes:/Users/longsei1208/.m2/repository/org/junit/jupiter/junit-jupiter-api/5.7.2/junit-jupiter-api-5.7.2.jar:/Users/longsei1208/.m2/repository/org/apiguardian/apiguardian-api/1.1.0/apiguardian-api-1.1.0.jar:/Users/longsei1208/.m2/repository/org/opentest4j/opentest4j/1.2.0/opentest4j-1.2.0.jar:/Users/longsei1208/.m2/repository/org/junit/platform/junit-platform-commons/1.7.2/junit-platform-commons-1.7.2.jar:/Users/longsei1208/.m2/repository/org/junit/jupiter/junit-jupiter-engine/5.7.2/junit-jupiter-engine-5.7.2.jar:/Users/longsei1208/.m2/repository/org/junit/platform/junit-platform-engine/1.7.2/junit-platform-engine-1.7.2.jar:/Users/longsei1208/.m2/repository/org/junit/vintage/junit-vintage-engine/5.7.2/junit-vintage-engine-5.7.2.jar:/Users/longsei1208/.m2/repository/junit/junit/4.13/junit-4.13.jar:/Users/longsei1208/.m2/repository/org/hamcrest/hamcrest-core/1.3/hamcrest-core-1.3.jar:/Users/longsei1208/.m2/repository/javazoom/jlayer/1.0.1/jlayer-1.0.1.jar:/Users/longsei1208/.m2/repository/mysql/mysql-connector-java/8.0.26/mysql-connector-java-8.0.26.jar:/Users/longsei1208/.m2/repository/com/google/protobuf/protobuf-java/3.11.4/protobuf-java-3.11.4.jar:/Users/longsei1208/.m2/repository/org/xerial/sqlite-jdbc/3.36.0.3/sqlite-jdbc-3.36.0.3.jar:"/>
    <property name="sun.cpu.endian" value="little"/>
    <property name="user.home" value="/Users/longsei1208"/>
    <property name="user.language" value="vi"/>
    <property name="java.specification.vendor" value="Oracle Corporation"/>
    <property name="java.version.date" value="2024-04-16"/>
    <property name="java.home" value="/opt/homebrew/Cellar/openjdk/22.0.1/libexec/openjdk.jdk/Contents/Home"/>
    <property name="file.separator" value="/"/>
    <property name="basedir" value="/Users/longsei1208/Library/Mobile Documents/com~apple~CloudDocs/UET Journey/Lập trình hướng đối tượng /OOP-BIGPROJECT/my-app"/>
    <property name="java.vm.compressedOopsMode" value="Zero based"/>
    <property name="line.separator" value="&#10;"/>
    <property name="java.vm.specification.vendor" value="Oracle Corporation"/>
    <property name="java.specification.name" value="Java Platform API Specification"/>
    <property name="apple.awt.application.name" value="ForkedBooter"/>
    <property name="surefire.real.class.path" value="/Users/longsei1208/Library/Mobile Documents/com~apple~CloudDocs/UET Journey/Lập trình hướng đối tượng /OOP-BIGPROJECT/my-app/target/surefire/surefirebooter9284325198977493974.jar"/>
    <property name="sun.management.compiler" value="HotSpot 64-Bit Tiered Compilers"/>
    <property name="ftp.nonProxyHosts" value="local|*.local|169.254/16|*.169.254/16"/>
    <property name="java.runtime.version" value="22.0.1"/>
    <property name="user.name" value="longsei1208"/>
    <property name="stdout.encoding" value="UTF-8"/>
    <property name="path.separator" value=":"/>
    <property name="os.version" value="13.6.6"/>
    <property name="java.runtime.name" value="OpenJDK Runtime Environment"/>
    <property name="file.encoding" value="UTF-8"/>
    <property name="java.vm.name" value="OpenJDK 64-Bit Server VM"/>
    <property name="java.vendor.version" value="Homebrew"/>
    <property name="localRepository" value="/Users/longsei1208/.m2/repository"/>
    <property name="java.vendor.url.bug" value="https://github.com/Homebrew/homebrew-core/issues"/>
    <property name="java.io.tmpdir" value="/var/folders/bj/2hhb7m5j22zc6rr2gkf70jvc0000gn/T/"/>
    <property name="java.version" value="22.0.1"/>
    <property name="user.dir" value="/Users/longsei1208/Library/Mobile Documents/com~apple~CloudDocs/UET Journey/Lập trình hướng đối tượng /OOP-BIGPROJECT/my-app"/>
    <property name="os.arch" value="aarch64"/>
    <property name="java.vm.specification.name" value="Java Virtual Machine Specification"/>
    <property name="native.encoding" value="UTF-8"/>
    <property name="java.library.path" value="/Users/longsei1208/Library/Java/Extensions:/Library/Java/Extensions:/Network/Library/Java/Extensions:/System/Library/Java/Extensions:/usr/lib/java:."/>
    <property name="java.vm.info" value="mixed mode, sharing"/>
    <property name="stderr.encoding" value="UTF-8"/>
    <property name="java.vendor" value="Homebrew"/>
    <property name="java.vm.version" value="22.0.1"/>
    <property name="sun.io.unicode.encoding" value="UnicodeBig"/>
    <property name="socksNonProxyHosts" value="local|*.local|169.254/16|*.169.254/16"/>
    <property name="java.class.version" value="66.0"/>
  </properties>
  <testcase name="testConnection" classname="com.example.Database.DataHelperTest" time="0.443"/>
  <testcase name="testCreateTable" classname="com.example.Database.DataHelperTest" time="0.005"/>
  <testcase name="testQueryData" classname="com.example.Database.DataHelperTest" time="0.006"/>
  <testcase name="testUpdateData" classname="com.example.Database.DataHelperTest" time="0.007"/>
  <testcase name="testInsertData" classname="com.example.Database.DataHelperTest" time="0.004"/>
  <testcase name="testDeleteData" classname="com.example.Database.DataHelperTest" time="0.004"/>
</testsuite>